DEBUG: Database connection failed
INFO: Task completed
WARNING: Task completed
DEBUG: Task completed
ERROR: File not found
INFO: User logged in
WARNING: User logged in
INFO: File not found
INFO: Task completed
WARNING: Database connection failed
ERROR: User logged in
ERROR: File not found
WARNING: File not found
ERROR: User logged in
ERROR: File not found
WARNING: Unexpected value received
WARNING: Unexpected value received
DEBUG: File not found
ERROR: Database connection failed
INFO: Task completed
WARNING: Task completed
INFO: File not found
DEBUG: User logged in
DEBUG: Unexpected value received
WARNING: User logged in
DEBUG: File not found
ERROR: Unexpected value received
DEBUG: File not found
DEBUG: Unexpected value received
WARNING: Database connection failed
INFO: Database connection failed
WARNING: File not found
ERROR: File not found
INFO: File not found
WARNING: User logged in
INFO: User logged in
WARNING: File not found
DEBUG: Database connection failed
INFO: File not found
INFO: User logged in
INFO: Task completed
ERROR: Unexpected value received
ERROR: User logged in
DEBUG: User logged in
DEBUG: User logged in
WARNING: Database connection failed
WARNING: User logged in
WARNING: File not found
WARNING: Task completed
INFO: Database connection failed
WARNING: File not found
ERROR: User logged in
DEBUG: Task completed
DEBUG: User logged in
WARNING: User logged in
INFO: Unexpected value received
ERROR: User logged in
ERROR: Database connection failed
INFO: Database connection failed
INFO: User logged in
ERROR: File not found
DEBUG: Task completed
WARNING: Unexpected value received
DEBUG: Database connection failed
DEBUG: User logged in
WARNING: Database connection failed
ERROR: Task completed
INFO: File not found
ERROR: File not found
ERROR: File not found
ERROR: User logged in
WARNING: Database connection failed
ERROR: Unexpected value received
INFO: File not found
ERROR: Task completed
ERROR: Unexpected value received
INFO: Task completed
DEBUG: Database connection failed
DEBUG: User logged in
WARNING: Unexpected value received

